success
success
success
AAAAAAA
number of words is 1
success
success
success
success
AAAAAAA BB BBBBBBB
number of words is 3
success
success
success
success
AAAAAAA BB BBBBBBB CC CCC
number of words is 5
success
success
success
AAAAAAA BB BBBBBBB CC CCC DDDDEFGHIJKLMNOP
number of words is 6
success
success
success
success
AAAAAAA BB BBBBBBB CC CCC DDDDEFGHIJKLMNOP E EEEEEEEEEE
number of words is 8
success
success
success
success
AAAAAAA BB BBBBBBB CC CCC DDDDEFGHIJKLMNOP E EEEEEEEEEE F FFF
number of words is 10
