success
9 10 8
success
8 9 5 10 9 8
success
8 11 4 8 9 5 9 10 8
success
5 9 6 9 8 5 8 11 4 9 10 8
success
3 8 11 8 11 4 8 9 5 9 5 6 9 10 8
success
3 8 11 8 11 4 8 9 5 9 5 6 9 10 8
success
1 3 9 3 8 11 8 11 4 8 9 5 9 5 6 9 10 8
success
1 3 9 3 4 2 3 8 11 8 11 4 8 9 5 9 5 6 9 10 8
success
1 5 3 5 9 6 9 8 5 8 11 4 9 10 8 1 3 9 3 4 2
success
1 5 3 5 9 6 9 8 5 8 11 4 1 4 7 4 3 2 9 10 8
success
1 5 3 5 4 1 4 3 2 5 9 6 9 8 5 8 11 4 9 10 8
success
3 4 2 4 5 1 5 9 6 9 8 5 8 11 4 9 10 8
success
3 4 2 4 5 1 3 8 11 8 11 4 3 10 12
success
1 5 3 5 4 1 4 3 2 3 8 11 8 11 4 3 10 12
success
1 5 3 5 4 1 4 3 2 5 9 6 3 8 11 8 11 4 3 10 12